<?xml version="1.0" encoding="UTF-8"?>
<!-- Generated by org.testng.reporters.JUnitReportReporter -->
<testsuite hostname="LAPTOP-8FI90IP6" failures="0" tests="1" name="CrossB.CrossBrowserTest" time="26.909" errors="0" timestamp="2024-03-17T07:32:58 IST" skipped="0">
  <testcase classname="CrossB.CrossBrowserTest" name="Lauchh" time="26.909"/>
</testsuite> <!-- CrossB.CrossBrowserTest -->
