<?xml version="1.0" encoding="UTF-8"?>
<!-- Generated by org.testng.reporters.JUnitReportReporter -->
<testsuite hostname="LAPTOP-8FI90IP6" failures="0" tests="1" name="Fluent" time="5.027" errors="0" timestamp="2024-03-17T07:32:58 IST" skipped="0">
  <testcase classname="Fluent" name="launch" time="5.027"/>
</testsuite> <!-- Fluent -->
