<?xml version="1.0" encoding="UTF-8"?>
<!-- Generated by org.testng.reporters.JUnitReportReporter -->
<testsuite hostname="LAPTOP-8FI90IP6" failures="0" tests="1" name="Fluent" time="3.231" errors="0" timestamp="2024-03-15T10:31:07 IST" skipped="0">
  <testcase classname="Fluent" name="launch" time="3.231"/>
</testsuite> <!-- Fluent -->
