<?xml version="1.0" encoding="UTF-8"?>
<!-- Generated by org.testng.reporters.JUnitReportReporter -->
<testsuite hostname="LAPTOP-8FI90IP6" failures="0" tests="2" name="company.LaunchTest" time="5.832" errors="0" timestamp="2024-03-21T09:09:15 IST" skipped="0">
  <testcase classname="company.LaunchTest" name="launchTest" time="2.352"/>
  <testcase classname="company.LaunchTest" name="testGmailClick" time="3.480"/>
</testsuite> <!-- company.LaunchTest -->
