<?xml version="1.0" encoding="UTF-8"?>
<!-- Generated by org.testng.reporters.JUnitReportReporter -->
<testsuite hostname="LAPTOP-8FI90IP6" failures="0" tests="2" name="runner.TestRunner" time="0.123" errors="0" timestamp="2024-03-26T18:27:35 IST" skipped="0">
  <testcase classname="runner.TestRunner" name="runScenario" time="0.111"/>
  <testcase classname="runner.TestRunner" name="runScenario" time="0.012"/>
</testsuite> <!-- runner.TestRunner -->
