<?xml version="1.0" encoding="UTF-8"?>
<!-- Generated by org.testng.reporters.JUnitReportReporter -->
<testsuite hostname="LAPTOP-8FI90IP6" failures="0" tests="1" name="CrossB.CrossBrowserTest" time="185.847" errors="0" timestamp="2024-03-24T19:21:16 IST" skipped="0">
  <testcase classname="CrossB.CrossBrowserTest" name="Launch" time="185.847"/>
</testsuite> <!-- CrossB.CrossBrowserTest -->
