<?xml version="1.0" encoding="UTF-8"?>
<!-- Generated by org.testng.reporters.JUnitReportReporter -->
<testsuite hostname="LAPTOP-8FI90IP6" failures="0" tests="2" name="company.LaunchTest" time="5.626" errors="0" timestamp="2024-03-14T12:01:33 IST" skipped="0">
  <testcase classname="company.LaunchTest" name="TestGmailClick" time="4.746"/>
  <testcase classname="company.LaunchTest" name="launchTest" time="0.880"/>
</testsuite> <!-- company.LaunchTest -->
