<?xml version="1.0" encoding="UTF-8"?>
<!-- Generated by org.testng.reporters.JUnitReportReporter -->
<testsuite hostname="LAPTOP-8FI90IP6" failures="0" tests="1" name="company.Launch" time="1.948" errors="0" timestamp="2024-03-06T02:12:18 IST" skipped="0">
  <testcase classname="company.Launch" name="launchTest" time="1.948"/>
</testsuite> <!-- company.Launch -->
