<?xml version="1.0" encoding="UTF-8"?>
<!-- Generated by org.testng.reporters.JUnitReportReporter -->
<testsuite hostname="LAPTOP-8FI90IP6" failures="0" tests="1" name="jdbc.jdbc" time="1.342" errors="0" timestamp="2024-03-25T01:13:51 IST" skipped="0">
  <testcase classname="jdbc.jdbc" name="jdbcconnection" time="1.342"/>
</testsuite> <!-- jdbc.jdbc -->
