<?xml version="1.0" encoding="UTF-8"?>
<!-- Generated by org.testng.reporters.JUnitReportReporter -->
<testsuite hostname="LAPTOP-8FI90IP6" failures="0" tests="2" name="company.Launch" time="5.874" errors="0" timestamp="2024-03-14T10:59:53 IST" skipped="0">
  <testcase classname="company.Launch" name="launchTest" time="1.095"/>
  <testcase classname="company.Launch" name="TestGmailClick" time="4.779"/>
</testsuite> <!-- company.Launch -->
