<?xml version="1.0" encoding="UTF-8"?>
<!-- Generated by org.testng.reporters.JUnitReportReporter -->
<testsuite hostname="LAPTOP-8FI90IP6" failures="0" tests="2" name="company.LaunchTest" time="17.124" errors="0" timestamp="2024-03-17T07:32:58 IST" skipped="0">
  <testcase classname="company.LaunchTest" name="launchTest" time="1.657"/>
  <testcase classname="company.LaunchTest" name="testGmailClick" time="15.467"/>
</testsuite> <!-- company.LaunchTest -->
