<?xml version="1.0" encoding="UTF-8"?>
<!-- Generated by org.testng.reporters.JUnitReportReporter -->
<testsuite hostname="LAPTOP-8FI90IP6" failures="0" tests="2" name="company.LaunchTest" time="6.366" errors="0" timestamp="2024-03-23T02:20:12 IST" skipped="0">
  <testcase classname="company.LaunchTest" name="launchTest" time="2.452"/>
  <testcase classname="company.LaunchTest" name="testGmailClick" time="3.914"/>
</testsuite> <!-- company.LaunchTest -->
