<?xml version="1.0" encoding="UTF-8"?>
<!-- Generated by org.testng.reporters.JUnitReportReporter -->
<testsuite hostname="LAPTOP-8FI90IP6" failures="0" tests="1" name="NewTest" time="0.006" errors="0" timestamp="2024-03-17T07:32:58 IST" skipped="0">
  <testcase classname="NewTest" name="f" time="0.006"/>
</testsuite> <!-- NewTest -->
