<?xml version="1.0" encoding="UTF-8"?>
<!-- Generated by org.testng.reporters.JUnitReportReporter -->
<testsuite hostname="LAPTOP-8FI90IP6" failures="0" tests="2" name="company.Launch" time="3.617" errors="0" timestamp="2024-03-11T03:16:56 IST" skipped="0">
  <testcase classname="company.Launch" name="TestGmailClick" time="3.084"/>
  <testcase classname="company.Launch" name="launchTest" time="0.533"/>
</testsuite> <!-- company.Launch -->
