<?xml version="1.0" encoding="UTF-8"?>
<!-- Generated by org.testng.reporters.JUnitReportReporter -->
<testsuite hostname="LAPTOP-8FI90IP6" failures="0" tests="1" name="jdbc.JDBCExample" time="3.158" errors="0" timestamp="2024-03-25T02:22:44 IST" skipped="0">
  <testcase classname="jdbc.JDBCExample" name="jdbcConnection" time="3.158"/>
</testsuite> <!-- jdbc.JDBCExample -->
