<?xml version="1.0" encoding="UTF-8"?>
<!-- Generated by org.testng.reporters.JUnitReportReporter -->
<testsuite hostname="LAPTOP-8FI90IP6" failures="0" tests="1" name="company.Launch" time="4.900" errors="0" timestamp="2024-03-11T01:45:06 IST" skipped="0">
  <testcase classname="company.Launch" name="launchTest" time="4.900"/>
</testsuite> <!-- company.Launch -->
