<?xml version="1.0" encoding="UTF-8"?>
<!-- Generated by org.testng.reporters.JUnitReportReporter -->
<testsuite hostname="LAPTOP-8FI90IP6" failures="0" tests="1" name="jdbc.JDBCExample" time="1.815" errors="0" timestamp="2024-03-25T01:21:57 IST" skipped="0">
  <testcase classname="jdbc.JDBCExample" name="jdbcConnection" time="1.815"/>
</testsuite> <!-- jdbc.JDBCExample -->
