<?xml version="1.0" encoding="UTF-8"?>
<!-- Generated by org.testng.reporters.JUnitReportReporter -->
<testsuite hostname="LAPTOP-8FI90IP6" failures="0" tests="1" name="CrossB.CrossBrowserTest" time="15.399" errors="0" timestamp="2024-03-21T01:57:56 IST" skipped="0">
  <testcase classname="CrossB.CrossBrowserTest" name="Lauchh" time="15.399"/>
</testsuite> <!-- CrossB.CrossBrowserTest -->
