<?xml version="1.0" encoding="UTF-8"?>
<!-- Generated by org.testng.reporters.JUnitReportReporter -->
<testsuite hostname="LAPTOP-8FI90IP6" failures="0" tests="6" name="company.SampleForTest" time="20.554" errors="0" timestamp="2024-03-26T13:39:01 IST" skipped="0">
  <testcase classname="company.SampleForTest" name="demotest4" time="4.400"/>
  <testcase classname="company.SampleForTest" name="demotest6" time="2.367"/>
  <testcase classname="company.SampleForTest" name="demotest1" time="3.155"/>
  <testcase classname="company.SampleForTest" name="demotest3" time="2.783"/>
  <testcase classname="company.SampleForTest" name="demotes5" time="4.597"/>
  <testcase classname="company.SampleForTest" name="demotest2" time="3.252"/>
</testsuite> <!-- company.SampleForTest -->
