<?xml version="1.0" encoding="UTF-8"?>
<!-- Generated by org.testng.reporters.JUnitReportReporter -->
<testsuite hostname="LAPTOP-8FI90IP6" failures="0" tests="2" name="company.Launch" time="4.111" errors="0" timestamp="2024-03-11T17:20:53 IST" skipped="0">
  <testcase classname="company.Launch" name="launchTest" time="0.711"/>
  <testcase classname="company.Launch" name="TestGmailClick" time="3.400"/>
</testsuite> <!-- company.Launch -->
